<?xml version="1.0" encoding="UTF-8"?>
<!-- Generated by org.testng.reporters.JUnitReportReporter -->
<testsuite hostname="Trantor-LP260" failures="1" tests="5" name="TestRunner.loginTestRunner" time="23.884" errors="0" timestamp="2024-08-07T22:34:03 IST" skipped="0">
  <testcase classname="TestRunner.loginTestRunner" name="runScenario" time="3.745"/>
  <testcase classname="TestRunner.loginTestRunner" name="runScenario" time="6.802"/>
  <testcase classname="TestRunner.loginTestRunner" name="runScenario" time="6.253"/>
  <testcase classname="TestRunner.loginTestRunner" name="runScenario" time="3.732"/>
  <testcase classname="TestRunner.loginTestRunner" name="runScenario" time="3.352">
    <failure message="expected [2] but found [1]" type="java.lang.AssertionError">
      <![CDATA[java.lang.AssertionError: expected [2] but found [1]
at org.testng.Assert.fail(Assert.java:111)
at org.testng.Assert.failNotEquals(Assert.java:1578)
at org.testng.Assert.assertEqualsImpl(Assert.java:150)
at org.testng.Assert.assertEquals(Assert.java:132)
at org.testng.Assert.assertEquals(Assert.java:656)
at org.testng.Assert.assertEquals(Assert.java:666)
at PageFactory.productPageFactory.verifyCartIcon(productPageFactory.java:50)
at StepDefinitions.productStepDefinitions.cart_icon_should_increase(productStepDefinitions.java:44)
at âœ½.Cart icon should increase(file:///C:/Users/somendra.chauhan/eclipse-workspace/BDDProject/src/test/resources/FeatureFile/products.feature:8)
]]>
    </failure>
  </testcase> <!-- runScenario -->
</testsuite> <!-- TestRunner.loginTestRunner -->
